0 info it worked if it ends with ok
1 verbose cli [ '/usr/local/bin/node', '/usr/local/bin/npm', 'install' ]
2 info using npm@2.14.7
3 info using node@v4.2.2
4 verbose readDependencies loading dependencies from /Users/msmith93/Desktop/GitAchieve/package.json
5 verbose install where, deps [ '/Users/msmith93/Desktop/GitAchieve',
5 verbose install   [ 'express',
5 verbose install     'massive',
5 verbose install     'pg',
5 verbose install     'react',
5 verbose install     'react-dom',
5 verbose install     'react-redux',
5 verbose install     'react-router',
5 verbose install     'react-router-redux',
5 verbose install     'redux',
5 verbose install     'redux-actions',
5 verbose install     'redux-logger',
5 verbose install     'babel-cli',
5 verbose install     'babel-core',
5 verbose install     'babel-loader',
5 verbose install     'babel-plugin-syntax-jsx',
5 verbose install     'babel-polyfill',
5 verbose install     'babel-preset-es2015',
5 verbose install     'babel-preset-react',
5 verbose install     'babel-preset-stage-0',
5 verbose install     'body-parser',
5 verbose install     'chai',
5 verbose install     'enzyme',
5 verbose install     'eslint',
5 verbose install     'eslint-config-airbnb',
5 verbose install     'eslint-plugin-import',
5 verbose install     'eslint-plugin-jsx-a11y',
5 verbose install     'eslint-plugin-react',
5 verbose install     'gulp',
5 verbose install     'gulp-babel',
5 verbose install     'gulp-concat',
5 verbose install     'gulp-jshint',
5 verbose install     'gulp-mocha',
5 verbose install     'gulp-mocha-phantomjs',
5 verbose install     'gulp-rename',
5 verbose install     'gulp-sass',
5 verbose install     'gulp-shell',
5 verbose install     'gulp-uglify',
5 verbose install     'gulp-util',
5 verbose install     'immutable',
5 verbose install     'jsdom',
5 verbose install     'jshint',
5 verbose install     'logger',
5 verbose install     'mocha',
5 verbose install     'morgan',
5 verbose install     'passport',
5 verbose install     'passport-github',
5 verbose install     'react-addons-test-utils',
5 verbose install     'webpack',
5 verbose install     'webpack-dev-middleware',
5 verbose install     'webpack-hot-middleware',
5 verbose install     'webpack-stream' ] ]
6 verbose install where, peers [ '/Users/msmith93/Desktop/GitAchieve', [] ]
7 verbose installManyTop reading for lifecycle /Users/msmith93/Desktop/GitAchieve/package.json
8 info preinstall gitachieve@1.0.0
9 verbose installManyTop reading scoped package data from /Users/msmith93/Desktop/GitAchieve/node_modules/babel-cli/package.json
10 verbose installManyTop reading scoped package data from /Users/msmith93/Desktop/GitAchieve/node_modules/babel-core/package.json
11 verbose installManyTop reading scoped package data from /Users/msmith93/Desktop/GitAchieve/node_modules/babel-loader/package.json
12 verbose installManyTop reading scoped package data from /Users/msmith93/Desktop/GitAchieve/node_modules/babel-plugin-syntax-jsx/package.json
13 verbose installManyTop reading scoped package data from /Users/msmith93/Desktop/GitAchieve/node_modules/babel-polyfill/package.json
14 verbose installManyTop reading scoped package data from /Users/msmith93/Desktop/GitAchieve/node_modules/babel-preset-es2015/package.json
15 verbose installManyTop reading scoped package data from /Users/msmith93/Desktop/GitAchieve/node_modules/babel-preset-react/package.json
16 verbose installManyTop reading scoped package data from /Users/msmith93/Desktop/GitAchieve/node_modules/babel-preset-stage-0/package.json
17 verbose installManyTop reading scoped package data from /Users/msmith93/Desktop/GitAchieve/node_modules/body-parser/package.json
18 verbose installManyTop reading scoped package data from /Users/msmith93/Desktop/GitAchieve/node_modules/chai/package.json
19 verbose installManyTop reading scoped package data from /Users/msmith93/Desktop/GitAchieve/node_modules/cookie-parser/package.json
20 verbose installManyTop reading scoped package data from /Users/msmith93/Desktop/GitAchieve/node_modules/enzyme/package.json
21 verbose installManyTop reading scoped package data from /Users/msmith93/Desktop/GitAchieve/node_modules/eslint/package.json
22 verbose installManyTop reading scoped package data from /Users/msmith93/Desktop/GitAchieve/node_modules/eslint-config-airbnb/package.json
23 verbose installManyTop reading scoped package data from /Users/msmith93/Desktop/GitAchieve/node_modules/eslint-plugin-import/package.json
24 verbose installManyTop reading scoped package data from /Users/msmith93/Desktop/GitAchieve/node_modules/eslint-plugin-jsx-a11y/package.json
25 verbose installManyTop reading scoped package data from /Users/msmith93/Desktop/GitAchieve/node_modules/eslint-plugin-react/package.json
26 verbose installManyTop reading scoped package data from /Users/msmith93/Desktop/GitAchieve/node_modules/express/package.json
27 verbose installManyTop reading scoped package data from /Users/msmith93/Desktop/GitAchieve/node_modules/github-api/package.json
28 verbose installManyTop reading scoped package data from /Users/msmith93/Desktop/GitAchieve/node_modules/gulp/package.json
29 verbose installManyTop reading scoped package data from /Users/msmith93/Desktop/GitAchieve/node_modules/gulp-babel/package.json
30 verbose installManyTop reading scoped package data from /Users/msmith93/Desktop/GitAchieve/node_modules/gulp-concat/package.json
31 verbose installManyTop reading scoped package data from /Users/msmith93/Desktop/GitAchieve/node_modules/gulp-jshint/package.json
32 verbose installManyTop reading scoped package data from /Users/msmith93/Desktop/GitAchieve/node_modules/gulp-mocha/package.json
33 verbose installManyTop reading scoped package data from /Users/msmith93/Desktop/GitAchieve/node_modules/gulp-mocha-phantomjs/package.json
34 verbose installManyTop reading scoped package data from /Users/msmith93/Desktop/GitAchieve/node_modules/gulp-rename/package.json
35 verbose installManyTop reading scoped package data from /Users/msmith93/Desktop/GitAchieve/node_modules/gulp-sass/package.json
36 verbose installManyTop reading scoped package data from /Users/msmith93/Desktop/GitAchieve/node_modules/gulp-shell/package.json
37 verbose installManyTop reading scoped package data from /Users/msmith93/Desktop/GitAchieve/node_modules/gulp-uglify/package.json
38 verbose installManyTop reading scoped package data from /Users/msmith93/Desktop/GitAchieve/node_modules/gulp-util/package.json
39 verbose installManyTop reading scoped package data from /Users/msmith93/Desktop/GitAchieve/node_modules/immutable/package.json
40 verbose installManyTop reading scoped package data from /Users/msmith93/Desktop/GitAchieve/node_modules/jsdom/package.json
41 verbose installManyTop reading scoped package data from /Users/msmith93/Desktop/GitAchieve/node_modules/jshint/package.json
42 verbose installManyTop reading scoped package data from /Users/msmith93/Desktop/GitAchieve/node_modules/logger/package.json
43 verbose installManyTop reading scoped package data from /Users/msmith93/Desktop/GitAchieve/node_modules/massive/package.json
44 verbose installManyTop reading scoped package data from /Users/msmith93/Desktop/GitAchieve/node_modules/mocha/package.json
45 verbose installManyTop reading scoped package data from /Users/msmith93/Desktop/GitAchieve/node_modules/morgan/package.json
46 verbose installManyTop reading scoped package data from /Users/msmith93/Desktop/GitAchieve/node_modules/passport/package.json
47 verbose installManyTop reading scoped package data from /Users/msmith93/Desktop/GitAchieve/node_modules/passport-github2/package.json
48 verbose installManyTop reading scoped package data from /Users/msmith93/Desktop/GitAchieve/node_modules/pg/package.json
49 verbose installManyTop reading scoped package data from /Users/msmith93/Desktop/GitAchieve/node_modules/react/package.json
50 verbose installManyTop reading scoped package data from /Users/msmith93/Desktop/GitAchieve/node_modules/react-addons-test-utils/package.json
51 verbose installManyTop reading scoped package data from /Users/msmith93/Desktop/GitAchieve/node_modules/react-dom/package.json
52 verbose installManyTop reading scoped package data from /Users/msmith93/Desktop/GitAchieve/node_modules/react-redux/package.json
53 verbose installManyTop reading scoped package data from /Users/msmith93/Desktop/GitAchieve/node_modules/react-router/package.json
54 verbose installManyTop reading scoped package data from /Users/msmith93/Desktop/GitAchieve/node_modules/react-router-redux/package.json
55 verbose installManyTop reading scoped package data from /Users/msmith93/Desktop/GitAchieve/node_modules/redux/package.json
56 verbose installManyTop reading scoped package data from /Users/msmith93/Desktop/GitAchieve/node_modules/redux-actions/package.json
57 verbose installManyTop reading scoped package data from /Users/msmith93/Desktop/GitAchieve/node_modules/redux-logger/package.json
58 verbose installManyTop reading scoped package data from /Users/msmith93/Desktop/GitAchieve/node_modules/webpack/package.json
59 verbose installManyTop reading scoped package data from /Users/msmith93/Desktop/GitAchieve/node_modules/webpack-dev-middleware/package.json
60 verbose installManyTop reading scoped package data from /Users/msmith93/Desktop/GitAchieve/node_modules/webpack-hot-middleware/package.json
61 verbose installManyTop reading scoped package data from /Users/msmith93/Desktop/GitAchieve/node_modules/webpack-stream/package.json
62 info package.json babel-polyfill@6.7.4 No description
63 info package.json babel-plugin-syntax-jsx@6.5.0 No description
64 info package.json gulp-rename@1.2.2 No license field.
65 info package.json jsdom@8.4.1 No README data
66 info package.json passport@0.3.2 No README data
67 info package.json passport-github2@0.1.10 No license field.
68 info package.json webpack-dev-middleware@1.6.1 No license field.
69 info package.json github-api@1.0.0 license should be a valid SPDX license expression
70 info package.json logger@0.0.1 No repository field.
71 info package.json logger@0.0.1 No license field.
72 verbose readDependencies loading dependencies from /Users/msmith93/Desktop/GitAchieve/package.json
73 verbose targetResolver reading package data from /Users/msmith93/Desktop/GitAchieve/node_modules/babel-cli/package.json
74 verbose targetResolver reading package data from /Users/msmith93/Desktop/GitAchieve/node_modules/babel-core/package.json
75 verbose targetResolver reading package data from /Users/msmith93/Desktop/GitAchieve/node_modules/babel-loader/package.json
76 verbose targetResolver reading package data from /Users/msmith93/Desktop/GitAchieve/node_modules/babel-plugin-syntax-jsx/package.json
77 verbose targetResolver reading package data from /Users/msmith93/Desktop/GitAchieve/node_modules/babel-polyfill/package.json
78 verbose targetResolver reading package data from /Users/msmith93/Desktop/GitAchieve/node_modules/babel-preset-es2015/package.json
79 verbose targetResolver reading package data from /Users/msmith93/Desktop/GitAchieve/node_modules/babel-preset-react/package.json
80 verbose targetResolver reading package data from /Users/msmith93/Desktop/GitAchieve/node_modules/babel-preset-stage-0/package.json
81 verbose targetResolver reading package data from /Users/msmith93/Desktop/GitAchieve/node_modules/body-parser/package.json
82 verbose targetResolver reading package data from /Users/msmith93/Desktop/GitAchieve/node_modules/chai/package.json
83 verbose targetResolver reading package data from /Users/msmith93/Desktop/GitAchieve/node_modules/cookie-parser/package.json
84 verbose targetResolver reading package data from /Users/msmith93/Desktop/GitAchieve/node_modules/enzyme/package.json
85 verbose targetResolver reading package data from /Users/msmith93/Desktop/GitAchieve/node_modules/eslint/package.json
86 verbose targetResolver reading package data from /Users/msmith93/Desktop/GitAchieve/node_modules/eslint-config-airbnb/package.json
87 verbose targetResolver reading package data from /Users/msmith93/Desktop/GitAchieve/node_modules/eslint-plugin-import/package.json
88 verbose targetResolver reading package data from /Users/msmith93/Desktop/GitAchieve/node_modules/eslint-plugin-jsx-a11y/package.json
89 verbose targetResolver reading package data from /Users/msmith93/Desktop/GitAchieve/node_modules/eslint-plugin-react/package.json
90 verbose targetResolver reading package data from /Users/msmith93/Desktop/GitAchieve/node_modules/express/package.json
91 verbose targetResolver reading package data from /Users/msmith93/Desktop/GitAchieve/node_modules/github-api/package.json
92 verbose targetResolver reading package data from /Users/msmith93/Desktop/GitAchieve/node_modules/gulp/package.json
93 verbose targetResolver reading package data from /Users/msmith93/Desktop/GitAchieve/node_modules/gulp-babel/package.json
94 verbose targetResolver reading package data from /Users/msmith93/Desktop/GitAchieve/node_modules/gulp-concat/package.json
95 verbose targetResolver reading package data from /Users/msmith93/Desktop/GitAchieve/node_modules/gulp-jshint/package.json
96 verbose targetResolver reading package data from /Users/msmith93/Desktop/GitAchieve/node_modules/gulp-mocha/package.json
97 verbose targetResolver reading package data from /Users/msmith93/Desktop/GitAchieve/node_modules/gulp-mocha-phantomjs/package.json
98 verbose targetResolver reading package data from /Users/msmith93/Desktop/GitAchieve/node_modules/gulp-rename/package.json
99 verbose targetResolver reading package data from /Users/msmith93/Desktop/GitAchieve/node_modules/gulp-sass/package.json
100 verbose targetResolver reading package data from /Users/msmith93/Desktop/GitAchieve/node_modules/gulp-shell/package.json
101 verbose targetResolver reading package data from /Users/msmith93/Desktop/GitAchieve/node_modules/gulp-uglify/package.json
102 verbose targetResolver reading package data from /Users/msmith93/Desktop/GitAchieve/node_modules/gulp-util/package.json
103 verbose targetResolver reading package data from /Users/msmith93/Desktop/GitAchieve/node_modules/immutable/package.json
104 verbose targetResolver reading package data from /Users/msmith93/Desktop/GitAchieve/node_modules/jsdom/package.json
105 verbose targetResolver reading package data from /Users/msmith93/Desktop/GitAchieve/node_modules/jshint/package.json
106 verbose targetResolver reading package data from /Users/msmith93/Desktop/GitAchieve/node_modules/logger/package.json
107 verbose targetResolver reading package data from /Users/msmith93/Desktop/GitAchieve/node_modules/massive/package.json
108 verbose targetResolver reading package data from /Users/msmith93/Desktop/GitAchieve/node_modules/mocha/package.json
109 verbose targetResolver reading package data from /Users/msmith93/Desktop/GitAchieve/node_modules/morgan/package.json
110 verbose targetResolver reading package data from /Users/msmith93/Desktop/GitAchieve/node_modules/passport/package.json
111 verbose targetResolver reading package data from /Users/msmith93/Desktop/GitAchieve/node_modules/passport-github2/package.json
112 verbose targetResolver reading package data from /Users/msmith93/Desktop/GitAchieve/node_modules/pg/package.json
113 verbose targetResolver reading package data from /Users/msmith93/Desktop/GitAchieve/node_modules/react/package.json
114 verbose targetResolver reading package data from /Users/msmith93/Desktop/GitAchieve/node_modules/react-addons-test-utils/package.json
115 verbose targetResolver reading package data from /Users/msmith93/Desktop/GitAchieve/node_modules/react-dom/package.json
116 verbose targetResolver reading package data from /Users/msmith93/Desktop/GitAchieve/node_modules/react-redux/package.json
117 verbose targetResolver reading package data from /Users/msmith93/Desktop/GitAchieve/node_modules/react-router/package.json
118 verbose targetResolver reading package data from /Users/msmith93/Desktop/GitAchieve/node_modules/react-router-redux/package.json
119 verbose targetResolver reading package data from /Users/msmith93/Desktop/GitAchieve/node_modules/redux/package.json
120 verbose targetResolver reading package data from /Users/msmith93/Desktop/GitAchieve/node_modules/redux-actions/package.json
121 verbose targetResolver reading package data from /Users/msmith93/Desktop/GitAchieve/node_modules/redux-logger/package.json
122 verbose targetResolver reading package data from /Users/msmith93/Desktop/GitAchieve/node_modules/webpack/package.json
123 verbose targetResolver reading package data from /Users/msmith93/Desktop/GitAchieve/node_modules/webpack-dev-middleware/package.json
124 verbose targetResolver reading package data from /Users/msmith93/Desktop/GitAchieve/node_modules/webpack-hot-middleware/package.json
125 verbose targetResolver reading package data from /Users/msmith93/Desktop/GitAchieve/node_modules/webpack-stream/package.json
126 verbose targetResolver reading package data from /Users/msmith93/Desktop/GitAchieve/node_modules/.bin/babel/package.json
127 verbose targetResolver reading package data from /Users/msmith93/Desktop/GitAchieve/node_modules/.bin/babel-doctor/package.json
128 verbose targetResolver reading package data from /Users/msmith93/Desktop/GitAchieve/node_modules/.bin/babel-external-helpers/package.json
129 verbose targetResolver reading package data from /Users/msmith93/Desktop/GitAchieve/node_modules/.bin/babel-node/package.json
130 verbose targetResolver reading package data from /Users/msmith93/Desktop/GitAchieve/node_modules/.bin/eslint/package.json
131 verbose targetResolver reading package data from /Users/msmith93/Desktop/GitAchieve/node_modules/.bin/gulp/package.json
132 verbose targetResolver reading package data from /Users/msmith93/Desktop/GitAchieve/node_modules/.bin/jshint/package.json
133 verbose targetResolver reading package data from /Users/msmith93/Desktop/GitAchieve/node_modules/.bin/massive/package.json
134 verbose targetResolver reading package data from /Users/msmith93/Desktop/GitAchieve/node_modules/.bin/mocha/package.json
135 verbose targetResolver reading package data from /Users/msmith93/Desktop/GitAchieve/node_modules/.bin/webpack/package.json
136 verbose already installed skipping babel-preset-react@^6.5.0 /Users/msmith93/Desktop/GitAchieve
137 verbose already installed skipping babel-preset-stage-0@^6.5.0 /Users/msmith93/Desktop/GitAchieve
138 verbose already installed skipping body-parser@^1.15.0 /Users/msmith93/Desktop/GitAchieve
139 verbose already installed skipping chai@^3.5.0 /Users/msmith93/Desktop/GitAchieve
140 verbose already installed skipping enzyme@^2.2.0 /Users/msmith93/Desktop/GitAchieve
141 verbose already installed skipping eslint@^2.8.0 /Users/msmith93/Desktop/GitAchieve
142 verbose already installed skipping eslint-config-airbnb@^8.0.0 /Users/msmith93/Desktop/GitAchieve
143 verbose already installed skipping eslint-plugin-import@^1.6.0 /Users/msmith93/Desktop/GitAchieve
144 verbose already installed skipping eslint-plugin-jsx-a11y@^1.0.3 /Users/msmith93/Desktop/GitAchieve
145 verbose already installed skipping eslint-plugin-react@^5.0.1 /Users/msmith93/Desktop/GitAchieve
146 verbose already installed skipping gulp@^3.9.1 /Users/msmith93/Desktop/GitAchieve
147 verbose already installed skipping gulp-babel@^6.1.2 /Users/msmith93/Desktop/GitAchieve
148 verbose already installed skipping gulp-concat@^2.6.0 /Users/msmith93/Desktop/GitAchieve
149 verbose already installed skipping gulp-jshint@^2.0.0 /Users/msmith93/Desktop/GitAchieve
150 verbose already installed skipping gulp-mocha@^2.2.0 /Users/msmith93/Desktop/GitAchieve
151 verbose already installed skipping gulp-mocha-phantomjs@^0.11.0 /Users/msmith93/Desktop/GitAchieve
152 verbose already installed skipping gulp-rename@^1.2.2 /Users/msmith93/Desktop/GitAchieve
153 verbose already installed skipping gulp-sass@^2.3.1 /Users/msmith93/Desktop/GitAchieve
154 verbose already installed skipping gulp-shell@^0.5.2 /Users/msmith93/Desktop/GitAchieve
155 verbose already installed skipping gulp-uglify@^1.5.3 /Users/msmith93/Desktop/GitAchieve
156 verbose already installed skipping gulp-util@^3.0.7 /Users/msmith93/Desktop/GitAchieve
157 verbose already installed skipping immutable@^3.8.1 /Users/msmith93/Desktop/GitAchieve
158 verbose already installed skipping jsdom@^8.0.1 /Users/msmith93/Desktop/GitAchieve
159 verbose already installed skipping jshint@^2.8.0 /Users/msmith93/Desktop/GitAchieve
160 verbose already installed skipping logger@0.0.1 /Users/msmith93/Desktop/GitAchieve
161 verbose already installed skipping mocha@^2.4.5 /Users/msmith93/Desktop/GitAchieve
162 verbose already installed skipping morgan@^1.7.0 /Users/msmith93/Desktop/GitAchieve
163 verbose already installed skipping passport@^0.3.2 /Users/msmith93/Desktop/GitAchieve
164 silly cache add args [ 'passport-github@^1.1.0', null ]
165 verbose cache add spec passport-github@^1.1.0
166 silly cache add parsed spec Result {
166 silly cache add   raw: 'passport-github@^1.1.0',
166 silly cache add   scope: null,
166 silly cache add   name: 'passport-github',
166 silly cache add   rawSpec: '^1.1.0',
166 silly cache add   spec: '>=1.1.0 <2.0.0',
166 silly cache add   type: 'range' }
167 silly addNamed passport-github@>=1.1.0 <2.0.0
168 verbose addNamed ">=1.1.0 <2.0.0" is a valid semver range for passport-github
169 silly addNameRange { name: 'passport-github',
169 silly addNameRange   range: '>=1.1.0 <2.0.0',
169 silly addNameRange   hasData: false }
170 silly mapToRegistry name passport-github
171 silly mapToRegistry using default registry
172 silly mapToRegistry registry https://registry.npmjs.org/
173 silly mapToRegistry uri https://registry.npmjs.org/passport-github
174 verbose addNameRange registry:https://registry.npmjs.org/passport-github not in flight; fetching
175 verbose already installed skipping react-addons-test-utils@^15.0.1 /Users/msmith93/Desktop/GitAchieve
176 verbose already installed skipping webpack@^1.13.0 /Users/msmith93/Desktop/GitAchieve
177 verbose already installed skipping webpack-dev-middleware@^1.6.1 /Users/msmith93/Desktop/GitAchieve
178 verbose already installed skipping webpack-hot-middleware@^2.10.0 /Users/msmith93/Desktop/GitAchieve
179 verbose already installed skipping webpack-stream@^3.2.0 /Users/msmith93/Desktop/GitAchieve
180 verbose already installed skipping express@^4.13.4 /Users/msmith93/Desktop/GitAchieve
181 verbose already installed skipping massive@^2.2.0 /Users/msmith93/Desktop/GitAchieve
182 verbose already installed skipping pg@^4.5.5 /Users/msmith93/Desktop/GitAchieve
183 verbose already installed skipping react@^15.0.1 /Users/msmith93/Desktop/GitAchieve
184 verbose request uri https://registry.npmjs.org/passport-github
185 verbose request no auth needed
186 info attempt registry request try #1 at 11:20:05 PM
187 verbose request id c0f29fb23fb4ec12
188 verbose etag "DXCW1QGDV7IIWNZGPWFMANLV8"
189 http request GET https://registry.npmjs.org/passport-github
190 verbose already installed skipping react-dom@^15.0.1 /Users/msmith93/Desktop/GitAchieve
191 verbose already installed skipping react-redux@^4.4.5 /Users/msmith93/Desktop/GitAchieve
192 verbose already installed skipping react-router@^2.3.0 /Users/msmith93/Desktop/GitAchieve
193 verbose already installed skipping react-router-redux@^4.0.4 /Users/msmith93/Desktop/GitAchieve
194 verbose already installed skipping redux@^3.5.2 /Users/msmith93/Desktop/GitAchieve
195 verbose already installed skipping redux-actions@^0.9.1 /Users/msmith93/Desktop/GitAchieve
196 verbose already installed skipping redux-logger@^2.6.1 /Users/msmith93/Desktop/GitAchieve
197 verbose already installed skipping babel-cli@^6.7.7 /Users/msmith93/Desktop/GitAchieve
198 verbose already installed skipping babel-core@^6.7.7 /Users/msmith93/Desktop/GitAchieve
199 verbose already installed skipping babel-loader@^6.2.4 /Users/msmith93/Desktop/GitAchieve
200 verbose already installed skipping babel-plugin-syntax-jsx@^6.5.0 /Users/msmith93/Desktop/GitAchieve
201 verbose already installed skipping babel-polyfill@^6.7.4 /Users/msmith93/Desktop/GitAchieve
202 verbose already installed skipping babel-preset-es2015@^6.6.0 /Users/msmith93/Desktop/GitAchieve
203 http 304 https://registry.npmjs.org/passport-github
204 verbose headers { date: 'Sun, 01 May 2016 06:20:05 GMT',
204 verbose headers   via: '1.1 varnish',
204 verbose headers   'cache-control': 'max-age=300',
204 verbose headers   etag: '"DXCW1QGDV7IIWNZGPWFMANLV8"',
204 verbose headers   age: '0',
204 verbose headers   connection: 'keep-alive',
204 verbose headers   'x-served-by': 'cache-lax1428-LAX',
204 verbose headers   'x-cache': 'MISS',
204 verbose headers   'x-cache-hits': '0',
204 verbose headers   'x-timer': 'S1462083605.804319,VS0,VE81',
204 verbose headers   vary: 'Accept-Encoding' }
205 silly get cb [ 304,
205 silly get   { date: 'Sun, 01 May 2016 06:20:05 GMT',
205 silly get     via: '1.1 varnish',
205 silly get     'cache-control': 'max-age=300',
205 silly get     etag: '"DXCW1QGDV7IIWNZGPWFMANLV8"',
205 silly get     age: '0',
205 silly get     connection: 'keep-alive',
205 silly get     'x-served-by': 'cache-lax1428-LAX',
205 silly get     'x-cache': 'MISS',
205 silly get     'x-cache-hits': '0',
205 silly get     'x-timer': 'S1462083605.804319,VS0,VE81',
205 silly get     vary: 'Accept-Encoding' } ]
206 verbose etag https://registry.npmjs.org/passport-github from cache
207 verbose get saving passport-github to /Users/msmith93/.npm/registry.npmjs.org/passport-github/.cache.json
208 silly addNameRange number 2 { name: 'passport-github',
208 silly addNameRange   range: '>=1.1.0 <2.0.0',
208 silly addNameRange   hasData: true }
209 silly addNameRange versions [ 'passport-github',
209 silly addNameRange   [ '0.1.0',
209 silly addNameRange     '0.1.1',
209 silly addNameRange     '0.1.2',
209 silly addNameRange     '0.1.3',
209 silly addNameRange     '0.1.4',
209 silly addNameRange     '0.1.5',
209 silly addNameRange     '1.0.0',
209 silly addNameRange     '1.1.0' ] ]
210 silly addNamed passport-github@1.1.0
211 verbose addNamed "1.1.0" is a plain semver version for passport-github
212 silly cache afterAdd passport-github@1.1.0
213 verbose afterAdd /Users/msmith93/.npm/passport-github/1.1.0/package/package.json not in flight; writing
214 verbose afterAdd /Users/msmith93/.npm/passport-github/1.1.0/package/package.json written
215 silly install resolved [ { name: 'passport-github',
215 silly install resolved     version: '1.1.0',
215 silly install resolved     description: 'GitHub authentication strategy for Passport.',
215 silly install resolved     keywords:
215 silly install resolved      [ 'passport',
215 silly install resolved        'github',
215 silly install resolved        'auth',
215 silly install resolved        'authn',
215 silly install resolved        'authentication',
215 silly install resolved        'identity' ],
215 silly install resolved     author:
215 silly install resolved      { name: 'Jared Hanson',
215 silly install resolved        email: 'jaredhanson@gmail.com',
215 silly install resolved        url: 'http://www.jaredhanson.net/' },
215 silly install resolved     repository:
215 silly install resolved      { type: 'git',
215 silly install resolved        url: 'git+ssh://git@github.com/jaredhanson/passport-github.git' },
215 silly install resolved     bugs: { url: 'http://github.com/jaredhanson/passport-github/issues' },
215 silly install resolved     license: 'MIT',
215 silly install resolved     licenses: [ [Object] ],
215 silly install resolved     main: './lib',
215 silly install resolved     dependencies: { 'passport-oauth2': '1.x.x' },
215 silly install resolved     devDependencies:
215 silly install resolved      { 'make-node': '0.3.x',
215 silly install resolved        mocha: '1.x.x',
215 silly install resolved        chai: '2.x.x',
215 silly install resolved        'chai-passport-strategy': '1.x.x',
215 silly install resolved        proxyquire: '1.4.x' },
215 silly install resolved     engines: { node: '>= 0.4.0' },
215 silly install resolved     scripts: { test: 'mocha --require test/bootstrap/node test/*.test.js' },
215 silly install resolved     gitHead: 'c10321591d0521a2235613830562c2e8e2195c16',
215 silly install resolved     homepage: 'https://github.com/jaredhanson/passport-github#readme',
215 silly install resolved     _id: 'passport-github@1.1.0',
215 silly install resolved     _shasum: '8ce1e3fcd61ad7578eb1df595839e4aea12355d4',
215 silly install resolved     _from: 'passport-github@>=1.1.0 <2.0.0',
215 silly install resolved     _npmVersion: '2.14.7',
215 silly install resolved     _nodeVersion: '4.2.1',
215 silly install resolved     _npmUser: { name: 'jaredhanson', email: 'jaredhanson@gmail.com' },
215 silly install resolved     maintainers: [ [Object] ],
215 silly install resolved     dist:
215 silly install resolved      { shasum: '8ce1e3fcd61ad7578eb1df595839e4aea12355d4',
215 silly install resolved        tarball: 'https://registry.npmjs.org/passport-github/-/passport-github-1.1.0.tgz' },
215 silly install resolved     _npmOperationalInternal:
215 silly install resolved      { host: 'packages-9-west.internal.npmjs.com',
215 silly install resolved        tmp: 'tmp/passport-github-1.1.0.tgz_1454461074432_0.18503738730214536' },
215 silly install resolved     directories: {},
215 silly install resolved     _resolved: 'https://registry.npmjs.org/passport-github/-/passport-github-1.1.0.tgz',
215 silly install resolved     readme: 'ERROR: No README data found!' } ]
216 info install passport-github@1.1.0 into /Users/msmith93/Desktop/GitAchieve
217 info installOne passport-github@1.1.0
218 verbose installOne of passport-github to /Users/msmith93/Desktop/GitAchieve not in flight; installing
219 verbose lock using /Users/msmith93/.npm/_locks/passport-github-4637c6c45cea979b.lock for /Users/msmith93/Desktop/GitAchieve/node_modules/passport-github
220 silly install write writing passport-github 1.1.0 to /Users/msmith93/Desktop/GitAchieve/node_modules/passport-github
221 verbose unbuild node_modules/passport-github
222 silly gentlyRm /Users/msmith93/Desktop/GitAchieve/node_modules/passport-github is being purged from base /Users/msmith93/Desktop/GitAchieve
223 verbose gentlyRm don't care about contents; nuking /Users/msmith93/Desktop/GitAchieve/node_modules/passport-github
224 verbose tar unpack /Users/msmith93/.npm/passport-github/1.1.0/package.tgz
225 verbose tar unpacking to /Users/msmith93/Desktop/GitAchieve/node_modules/passport-github
226 silly gentlyRm /Users/msmith93/Desktop/GitAchieve/node_modules/passport-github is being purged
227 verbose gentlyRm don't care about contents; nuking /Users/msmith93/Desktop/GitAchieve/node_modules/passport-github
228 silly gunzTarPerm modes [ '755', '644' ]
229 silly gunzTarPerm extractEntry package.json
230 silly gunzTarPerm extractEntry .npmignore
231 silly gunzTarPerm extractEntry README.md
232 silly gunzTarPerm extractEntry LICENSE
233 silly gunzTarPerm extractEntry lib/index.js
234 silly gunzTarPerm extractEntry lib/profile.js
235 silly gunzTarPerm extractEntry lib/strategy.js
236 silly gunzTarPerm extractEntry lib/errors/apierror.js
237 verbose write writing to /Users/msmith93/Desktop/GitAchieve/node_modules/passport-github/package.json
238 info preinstall passport-github@1.1.0
239 verbose readDependencies loading dependencies from /Users/msmith93/Desktop/GitAchieve/node_modules/passport-github/package.json
240 silly prepareForInstallMany adding passport-oauth2@1.x.x from passport-github dependencies
241 verbose readDependencies loading dependencies from /Users/msmith93/Desktop/GitAchieve/node_modules/passport-github/package.json
242 silly cache add args [ 'passport-oauth2@1.x.x', null ]
243 verbose cache add spec passport-oauth2@1.x.x
244 silly cache add parsed spec Result {
244 silly cache add   raw: 'passport-oauth2@1.x.x',
244 silly cache add   scope: null,
244 silly cache add   name: 'passport-oauth2',
244 silly cache add   rawSpec: '1.x.x',
244 silly cache add   spec: '>=1.0.0 <2.0.0',
244 silly cache add   type: 'range' }
245 silly addNamed passport-oauth2@>=1.0.0 <2.0.0
246 verbose addNamed ">=1.0.0 <2.0.0" is a valid semver range for passport-oauth2
247 silly addNameRange { name: 'passport-oauth2',
247 silly addNameRange   range: '>=1.0.0 <2.0.0',
247 silly addNameRange   hasData: false }
248 silly mapToRegistry name passport-oauth2
249 silly mapToRegistry using default registry
250 silly mapToRegistry registry https://registry.npmjs.org/
251 silly mapToRegistry uri https://registry.npmjs.org/passport-oauth2
252 verbose addNameRange registry:https://registry.npmjs.org/passport-oauth2 not in flight; fetching
253 verbose request uri https://registry.npmjs.org/passport-oauth2
254 verbose request no auth needed
255 info attempt registry request try #1 at 11:20:06 PM
256 verbose etag "6BMY1WGZEGW2AD5253ACU787D"
257 http request GET https://registry.npmjs.org/passport-oauth2
258 http 304 https://registry.npmjs.org/passport-oauth2
259 verbose headers { date: 'Sun, 01 May 2016 06:20:06 GMT',
259 verbose headers   via: '1.1 varnish',
259 verbose headers   'cache-control': 'max-age=300',
259 verbose headers   etag: '"6BMY1WGZEGW2AD5253ACU787D"',
259 verbose headers   age: '182',
259 verbose headers   connection: 'keep-alive',
259 verbose headers   'x-served-by': 'cache-lax1430-LAX',
259 verbose headers   'x-cache': 'HIT',
259 verbose headers   'x-cache-hits': '1',
259 verbose headers   'x-timer': 'S1462083606.026219,VS0,VE0',
259 verbose headers   vary: 'Accept-Encoding' }
260 silly get cb [ 304,
260 silly get   { date: 'Sun, 01 May 2016 06:20:06 GMT',
260 silly get     via: '1.1 varnish',
260 silly get     'cache-control': 'max-age=300',
260 silly get     etag: '"6BMY1WGZEGW2AD5253ACU787D"',
260 silly get     age: '182',
260 silly get     connection: 'keep-alive',
260 silly get     'x-served-by': 'cache-lax1430-LAX',
260 silly get     'x-cache': 'HIT',
260 silly get     'x-cache-hits': '1',
260 silly get     'x-timer': 'S1462083606.026219,VS0,VE0',
260 silly get     vary: 'Accept-Encoding' } ]
261 verbose etag https://registry.npmjs.org/passport-oauth2 from cache
262 verbose get saving passport-oauth2 to /Users/msmith93/.npm/registry.npmjs.org/passport-oauth2/.cache.json
263 silly addNameRange number 2 { name: 'passport-oauth2',
263 silly addNameRange   range: '>=1.0.0 <2.0.0',
263 silly addNameRange   hasData: true }
264 silly addNameRange versions [ 'passport-oauth2',
264 silly addNameRange   [ '1.0.0', '1.1.0', '1.1.1', '1.1.2', '1.2.0', '1.3.0' ] ]
265 silly addNamed passport-oauth2@1.3.0
266 verbose addNamed "1.3.0" is a plain semver version for passport-oauth2
267 silly cache afterAdd passport-oauth2@1.3.0
268 verbose afterAdd /Users/msmith93/.npm/passport-oauth2/1.3.0/package/package.json not in flight; writing
269 verbose afterAdd /Users/msmith93/.npm/passport-oauth2/1.3.0/package/package.json written
270 silly install resolved [ { name: 'passport-oauth2',
270 silly install resolved     version: '1.3.0',
270 silly install resolved     description: 'OAuth 2.0 authentication strategy for Passport.',
270 silly install resolved     keywords:
270 silly install resolved      [ 'passport',
270 silly install resolved        'auth',
270 silly install resolved        'authn',
270 silly install resolved        'authentication',
270 silly install resolved        'authz',
270 silly install resolved        'authorization',
270 silly install resolved        'oauth',
270 silly install resolved        'oauth2' ],
270 silly install resolved     author:
270 silly install resolved      { name: 'Jared Hanson',
270 silly install resolved        email: 'jaredhanson@gmail.com',
270 silly install resolved        url: 'http://www.jaredhanson.net/' },
270 silly install resolved     repository:
270 silly install resolved      { type: 'git',
270 silly install resolved        url: 'git://github.com/jaredhanson/passport-oauth2.git' },
270 silly install resolved     bugs: { url: 'http://github.com/jaredhanson/passport-oauth2/issues' },
270 silly install resolved     license: 'MIT',
270 silly install resolved     licenses: [ [Object] ],
270 silly install resolved     main: './lib',
270 silly install resolved     dependencies: { 'passport-strategy': '1.x.x', oauth: '0.9.x', uid2: '0.0.x' },
270 silly install resolved     devDependencies:
270 silly install resolved      { 'make-node': '0.3.x',
270 silly install resolved        mocha: '2.x.x',
270 silly install resolved        chai: '2.x.x',
270 silly install resolved        'chai-passport-strategy': '1.x.x' },
270 silly install resolved     engines: { node: '>= 0.4.0' },
270 silly install resolved     scripts: { test: 'mocha --reporter spec --require test/bootstrap/node test/*.test.js test/**/*.test.js' },
270 silly install resolved     gitHead: '1eb4f22d5f6ca8bc6b08856f91779f67e5082fe0',
270 silly install resolved     homepage: 'https://github.com/jaredhanson/passport-oauth2#readme',
270 silly install resolved     _id: 'passport-oauth2@1.3.0',
270 silly install resolved     _shasum: 'd72b4bd62eeb807a4089ff3071a22c26c382dc0c',
270 silly install resolved     _from: 'passport-oauth2@>=1.0.0 <2.0.0',
270 silly install resolved     _npmVersion: '2.14.7',
270 silly install resolved     _nodeVersion: '4.2.1',
270 silly install resolved     _npmUser: { name: 'jaredhanson', email: 'jaredhanson@gmail.com' },
270 silly install resolved     maintainers: [ [Object] ],
270 silly install resolved     dist:
270 silly install resolved      { shasum: 'd72b4bd62eeb807a4089ff3071a22c26c382dc0c',
270 silly install resolved        tarball: 'https://registry.npmjs.org/passport-oauth2/-/passport-oauth2-1.3.0.tgz' },
270 silly install resolved     _npmOperationalInternal:
270 silly install resolved      { host: 'packages-16-east.internal.npmjs.com',
270 silly install resolved        tmp: 'tmp/passport-oauth2-1.3.0.tgz_1459305572060_0.39259084430523217' },
270 silly install resolved     directories: {},
270 silly install resolved     _resolved: 'https://registry.npmjs.org/passport-oauth2/-/passport-oauth2-1.3.0.tgz',
270 silly install resolved     readme: 'ERROR: No README data found!' } ]
271 info install passport-oauth2@1.3.0 into /Users/msmith93/Desktop/GitAchieve/node_modules/passport-github
272 info installOne passport-oauth2@1.3.0
273 verbose installOne of passport-oauth2 to /Users/msmith93/Desktop/GitAchieve/node_modules/passport-github not in flight; installing
274 verbose lock using /Users/msmith93/.npm/_locks/passport-oauth2-2677fe6b7ddecb1b.lock for /Users/msmith93/Desktop/GitAchieve/node_modules/passport-github/node_modules/passport-oauth2
275 silly install write writing passport-oauth2 1.3.0 to /Users/msmith93/Desktop/GitAchieve/node_modules/passport-github/node_modules/passport-oauth2
276 verbose unbuild node_modules/passport-github/node_modules/passport-oauth2
277 silly gentlyRm /Users/msmith93/Desktop/GitAchieve/node_modules/passport-github/node_modules/passport-oauth2 is being purged from base /Users/msmith93/Desktop/GitAchieve
278 verbose gentlyRm don't care about contents; nuking /Users/msmith93/Desktop/GitAchieve/node_modules/passport-github/node_modules/passport-oauth2
279 verbose tar unpack /Users/msmith93/.npm/passport-oauth2/1.3.0/package.tgz
280 verbose tar unpacking to /Users/msmith93/Desktop/GitAchieve/node_modules/passport-github/node_modules/passport-oauth2
281 silly gentlyRm /Users/msmith93/Desktop/GitAchieve/node_modules/passport-github/node_modules/passport-oauth2 is being purged
282 verbose gentlyRm don't care about contents; nuking /Users/msmith93/Desktop/GitAchieve/node_modules/passport-github/node_modules/passport-oauth2
283 silly gunzTarPerm modes [ '755', '644' ]
284 silly gunzTarPerm extractEntry package.json
285 silly gunzTarPerm extractEntry .npmignore
286 silly gunzTarPerm extractEntry README.md
287 silly gunzTarPerm extractEntry LICENSE
288 silly gunzTarPerm extractEntry lib/index.js
289 silly gunzTarPerm extractEntry lib/strategy.js
290 silly gunzTarPerm extractEntry lib/utils.js
291 silly gunzTarPerm extractEntry lib/errors/authorizationerror.js
292 silly gunzTarPerm extractEntry lib/errors/internaloautherror.js
293 silly gunzTarPerm extractEntry lib/errors/tokenerror.js
294 silly gunzTarPerm extractEntry lib/state/null.js
295 silly gunzTarPerm extractEntry lib/state/session.js
296 verbose write writing to /Users/msmith93/Desktop/GitAchieve/node_modules/passport-github/node_modules/passport-oauth2/package.json
297 info preinstall passport-oauth2@1.3.0
298 verbose readDependencies loading dependencies from /Users/msmith93/Desktop/GitAchieve/node_modules/passport-github/node_modules/passport-oauth2/package.json
299 silly prepareForInstallMany adding passport-strategy@1.x.x from passport-oauth2 dependencies
300 silly prepareForInstallMany adding oauth@0.9.x from passport-oauth2 dependencies
301 silly prepareForInstallMany adding uid2@0.0.x from passport-oauth2 dependencies
302 verbose readDependencies loading dependencies from /Users/msmith93/Desktop/GitAchieve/node_modules/passport-github/node_modules/passport-oauth2/package.json
303 silly cache add args [ 'passport-strategy@1.x.x', null ]
304 verbose cache add spec passport-strategy@1.x.x
305 silly cache add args [ 'oauth@0.9.x', null ]
306 verbose cache add spec oauth@0.9.x
307 silly cache add parsed spec Result {
307 silly cache add   raw: 'passport-strategy@1.x.x',
307 silly cache add   scope: null,
307 silly cache add   name: 'passport-strategy',
307 silly cache add   rawSpec: '1.x.x',
307 silly cache add   spec: '>=1.0.0 <2.0.0',
307 silly cache add   type: 'range' }
308 silly addNamed passport-strategy@>=1.0.0 <2.0.0
309 verbose addNamed ">=1.0.0 <2.0.0" is a valid semver range for passport-strategy
310 silly addNameRange { name: 'passport-strategy',
310 silly addNameRange   range: '>=1.0.0 <2.0.0',
310 silly addNameRange   hasData: false }
311 silly mapToRegistry name passport-strategy
312 silly mapToRegistry using default registry
313 silly mapToRegistry registry https://registry.npmjs.org/
314 silly mapToRegistry uri https://registry.npmjs.org/passport-strategy
315 verbose addNameRange registry:https://registry.npmjs.org/passport-strategy not in flight; fetching
316 silly cache add parsed spec Result {
316 silly cache add   raw: 'oauth@0.9.x',
316 silly cache add   scope: null,
316 silly cache add   name: 'oauth',
316 silly cache add   rawSpec: '0.9.x',
316 silly cache add   spec: '>=0.9.0 <0.10.0',
316 silly cache add   type: 'range' }
317 silly addNamed oauth@>=0.9.0 <0.10.0
318 verbose addNamed ">=0.9.0 <0.10.0" is a valid semver range for oauth
319 silly addNameRange { name: 'oauth', range: '>=0.9.0 <0.10.0', hasData: false }
320 silly mapToRegistry name oauth
321 silly mapToRegistry using default registry
322 silly mapToRegistry registry https://registry.npmjs.org/
323 silly mapToRegistry uri https://registry.npmjs.org/oauth
324 verbose addNameRange registry:https://registry.npmjs.org/oauth not in flight; fetching
325 silly cache add args [ 'uid2@0.0.x', null ]
326 verbose cache add spec uid2@0.0.x
327 silly cache add parsed spec Result {
327 silly cache add   raw: 'uid2@0.0.x',
327 silly cache add   scope: null,
327 silly cache add   name: 'uid2',
327 silly cache add   rawSpec: '0.0.x',
327 silly cache add   spec: '>=0.0.0 <0.1.0',
327 silly cache add   type: 'range' }
328 silly addNamed uid2@>=0.0.0 <0.1.0
329 verbose addNamed ">=0.0.0 <0.1.0" is a valid semver range for uid2
330 silly addNameRange { name: 'uid2', range: '>=0.0.0 <0.1.0', hasData: false }
331 silly mapToRegistry name uid2
332 silly mapToRegistry using default registry
333 silly mapToRegistry registry https://registry.npmjs.org/
334 silly mapToRegistry uri https://registry.npmjs.org/uid2
335 verbose addNameRange registry:https://registry.npmjs.org/uid2 not in flight; fetching
336 verbose request uri https://registry.npmjs.org/passport-strategy
337 verbose request no auth needed
338 info attempt registry request try #1 at 11:20:06 PM
339 verbose etag "811P1IR12SU0EJ2BHYWRT18DR"
340 http request GET https://registry.npmjs.org/passport-strategy
341 verbose request uri https://registry.npmjs.org/oauth
342 verbose request no auth needed
343 info attempt registry request try #1 at 11:20:06 PM
344 verbose etag "1C1SO2Q59E6LWRY0MBHISPY8Y"
345 http request GET https://registry.npmjs.org/oauth
346 verbose request uri https://registry.npmjs.org/uid2
347 verbose request no auth needed
348 info attempt registry request try #1 at 11:20:06 PM
349 verbose etag "2SOOQKMEJ66W4NI4HJ3EV2V39"
350 http request GET https://registry.npmjs.org/uid2
351 http 304 https://registry.npmjs.org/passport-strategy
352 verbose headers { date: 'Sun, 01 May 2016 06:20:06 GMT',
352 verbose headers   via: '1.1 varnish',
352 verbose headers   'cache-control': 'max-age=300',
352 verbose headers   etag: '"811P1IR12SU0EJ2BHYWRT18DR"',
352 verbose headers   age: '204',
352 verbose headers   connection: 'keep-alive',
352 verbose headers   'x-served-by': 'cache-lax1435-LAX',
352 verbose headers   'x-cache': 'HIT',
352 verbose headers   'x-cache-hits': '1',
352 verbose headers   'x-timer': 'S1462083606.137040,VS0,VE0',
352 verbose headers   vary: 'Accept-Encoding' }
353 silly get cb [ 304,
353 silly get   { date: 'Sun, 01 May 2016 06:20:06 GMT',
353 silly get     via: '1.1 varnish',
353 silly get     'cache-control': 'max-age=300',
353 silly get     etag: '"811P1IR12SU0EJ2BHYWRT18DR"',
353 silly get     age: '204',
353 silly get     connection: 'keep-alive',
353 silly get     'x-served-by': 'cache-lax1435-LAX',
353 silly get     'x-cache': 'HIT',
353 silly get     'x-cache-hits': '1',
353 silly get     'x-timer': 'S1462083606.137040,VS0,VE0',
353 silly get     vary: 'Accept-Encoding' } ]
354 verbose etag https://registry.npmjs.org/passport-strategy from cache
355 verbose get saving passport-strategy to /Users/msmith93/.npm/registry.npmjs.org/passport-strategy/.cache.json
356 silly addNameRange number 2 { name: 'passport-strategy',
356 silly addNameRange   range: '>=1.0.0 <2.0.0',
356 silly addNameRange   hasData: true }
357 silly addNameRange versions [ 'passport-strategy', [ '1.0.0' ] ]
358 silly addNamed passport-strategy@1.0.0
359 verbose addNamed "1.0.0" is a plain semver version for passport-strategy
360 http 304 https://registry.npmjs.org/uid2
361 verbose headers { date: 'Sun, 01 May 2016 06:20:06 GMT',
361 verbose headers   via: '1.1 varnish',
361 verbose headers   'cache-control': 'max-age=300',
361 verbose headers   etag: '"2SOOQKMEJ66W4NI4HJ3EV2V39"',
361 verbose headers   age: '17',
361 verbose headers   connection: 'keep-alive',
361 verbose headers   'x-served-by': 'cache-lax1434-LAX',
361 verbose headers   'x-cache': 'HIT',
361 verbose headers   'x-cache-hits': '2',
361 verbose headers   'x-timer': 'S1462083606.141959,VS0,VE0',
361 verbose headers   vary: 'Accept-Encoding' }
362 silly get cb [ 304,
362 silly get   { date: 'Sun, 01 May 2016 06:20:06 GMT',
362 silly get     via: '1.1 varnish',
362 silly get     'cache-control': 'max-age=300',
362 silly get     etag: '"2SOOQKMEJ66W4NI4HJ3EV2V39"',
362 silly get     age: '17',
362 silly get     connection: 'keep-alive',
362 silly get     'x-served-by': 'cache-lax1434-LAX',
362 silly get     'x-cache': 'HIT',
362 silly get     'x-cache-hits': '2',
362 silly get     'x-timer': 'S1462083606.141959,VS0,VE0',
362 silly get     vary: 'Accept-Encoding' } ]
363 verbose etag https://registry.npmjs.org/uid2 from cache
364 verbose get saving uid2 to /Users/msmith93/.npm/registry.npmjs.org/uid2/.cache.json
365 http 304 https://registry.npmjs.org/oauth
366 verbose headers { date: 'Sun, 01 May 2016 06:20:06 GMT',
366 verbose headers   via: '1.1 varnish',
366 verbose headers   'cache-control': 'max-age=300',
366 verbose headers   etag: '"1C1SO2Q59E6LWRY0MBHISPY8Y"',
366 verbose headers   age: '177',
366 verbose headers   connection: 'keep-alive',
366 verbose headers   'x-served-by': 'cache-lax1420-LAX',
366 verbose headers   'x-cache': 'HIT',
366 verbose headers   'x-cache-hits': '1',
366 verbose headers   'x-timer': 'S1462083606.142194,VS0,VE0',
366 verbose headers   vary: 'Accept-Encoding' }
367 silly get cb [ 304,
367 silly get   { date: 'Sun, 01 May 2016 06:20:06 GMT',
367 silly get     via: '1.1 varnish',
367 silly get     'cache-control': 'max-age=300',
367 silly get     etag: '"1C1SO2Q59E6LWRY0MBHISPY8Y"',
367 silly get     age: '177',
367 silly get     connection: 'keep-alive',
367 silly get     'x-served-by': 'cache-lax1420-LAX',
367 silly get     'x-cache': 'HIT',
367 silly get     'x-cache-hits': '1',
367 silly get     'x-timer': 'S1462083606.142194,VS0,VE0',
367 silly get     vary: 'Accept-Encoding' } ]
368 verbose etag https://registry.npmjs.org/oauth from cache
369 verbose get saving oauth to /Users/msmith93/.npm/registry.npmjs.org/oauth/.cache.json
370 silly cache afterAdd passport-strategy@1.0.0
371 verbose afterAdd /Users/msmith93/.npm/passport-strategy/1.0.0/package/package.json not in flight; writing
372 silly addNameRange number 2 { name: 'uid2', range: '>=0.0.0 <0.1.0', hasData: true }
373 silly addNameRange versions [ 'uid2', [ '0.0.1', '0.0.2', '0.0.3' ] ]
374 silly addNamed uid2@0.0.3
375 verbose addNamed "0.0.3" is a plain semver version for uid2
376 silly addNameRange number 2 { name: 'oauth', range: '>=0.9.0 <0.10.0', hasData: true }
377 silly addNameRange versions [ 'oauth',
377 silly addNameRange   [ '0.7.4',
377 silly addNameRange     '0.7.5',
377 silly addNameRange     '0.7.6',
377 silly addNameRange     '0.7.7',
377 silly addNameRange     '0.8.0',
377 silly addNameRange     '0.8.1',
377 silly addNameRange     '0.8.2',
377 silly addNameRange     '0.8.3',
377 silly addNameRange     '0.8.4',
377 silly addNameRange     '0.9.0',
377 silly addNameRange     '0.9.1',
377 silly addNameRange     '0.9.2',
377 silly addNameRange     '0.9.3',
377 silly addNameRange     '0.9.4',
377 silly addNameRange     '0.9.5',
377 silly addNameRange     '0.9.6',
377 silly addNameRange     '0.9.7',
377 silly addNameRange     '0.9.8',
377 silly addNameRange     '0.9.9',
377 silly addNameRange     '0.9.10',
377 silly addNameRange     '0.9.11',
377 silly addNameRange     '0.9.12',
377 silly addNameRange     '0.9.13',
377 silly addNameRange     '0.9.14' ] ]
378 silly addNamed oauth@0.9.14
379 verbose addNamed "0.9.14" is a plain semver version for oauth
380 silly cache afterAdd uid2@0.0.3
381 verbose afterAdd /Users/msmith93/.npm/uid2/0.0.3/package/package.json not in flight; writing
382 verbose afterAdd /Users/msmith93/.npm/passport-strategy/1.0.0/package/package.json written
383 verbose afterAdd /Users/msmith93/.npm/uid2/0.0.3/package/package.json written
384 silly cache afterAdd oauth@0.9.14
385 verbose afterAdd /Users/msmith93/.npm/oauth/0.9.14/package/package.json not in flight; writing
386 verbose afterAdd /Users/msmith93/.npm/oauth/0.9.14/package/package.json written
387 silly install resolved [ { name: 'passport-strategy',
387 silly install resolved     version: '1.0.0',
387 silly install resolved     description: 'An abstract class implementing Passport\'s strategy API.',
387 silly install resolved     keywords: [ 'passport', 'strategy' ],
387 silly install resolved     repository:
387 silly install resolved      { type: 'git',
387 silly install resolved        url: 'git://github.com/jaredhanson/passport-strategy.git' },
387 silly install resolved     bugs: { url: 'http://github.com/jaredhanson/passport-strategy/issues' },
387 silly install resolved     author:
387 silly install resolved      { name: 'Jared Hanson',
387 silly install resolved        email: 'jaredhanson@gmail.com',
387 silly install resolved        url: 'http://www.jaredhanson.net/' },
387 silly install resolved     licenses: [ [Object] ],
387 silly install resolved     main: './lib',
387 silly install resolved     dependencies: {},
387 silly install resolved     devDependencies: { mocha: '1.x.x', chai: '1.x.x' },
387 silly install resolved     engines: { node: '>= 0.4.0' },
387 silly install resolved     scripts: { test: 'mocha --reporter spec --require test/bootstrap/node test/*.test.js' },
387 silly install resolved     testling: { browsers: [Object], harness: 'mocha', files: [Object] },
387 silly install resolved     readme: '# passport-strategy\n\n[![Build](https://travis-ci.org/jaredhanson/passport-strategy.png)](http://travis-ci.org/jaredhanson/passport-strategy)\n[![Coverage](https://coveralls.io/repos/jaredhanson/passport-strategy/badge.png)](https://coveralls.io/r/jaredhanson/passport-strategy)\n[![Dependencies](https://david-dm.org/jaredhanson/passport-strategy.png)](http://david-dm.org/jaredhanson/passport-strategy)\n\n\nAn abstract class implementing [Passport](http://passportjs.org/)\'s strategy\nAPI.\n\n## Install\n\n    $ npm install passport-strategy\n\n## Usage\n\nThis module exports an abstract `Strategy` class that is intended to be\nsubclassed when implementing concrete authentication strategies.  Once\nimplemented, such strategies can be used by applications that utilize Passport\nmiddleware for authentication.\n\n#### Subclass Strategy\n\nCreate a new `CustomStrategy` constructor which inherits from `Strategy`:\n\n```javascript\nvar util = require(\'util\')\n  , Strategy = require(\'passport-strategy\');\n\nfunction CustomStrategy(...) {\n  Strategy.call(this);\n}\n\nutil.inherits(CustomStrategy, Strategy);\n```\n\n#### Implement Authentication\n\nImplement `autheticate()`, performing the necessary operations required by the\nauthentication scheme or protocol being implemented.\n\n```javascript\nCustomStrategy.prototype.authenticate = function(req, options) {\n  // TODO: authenticate request\n}\n```\n\n## Tests\n\n    $ npm install\n    $ npm test\n\n## Credits\n\n  - [Jared Hanson](http://github.com/jaredhanson)\n\n## License\n\n[The MIT License](http://opensource.org/licenses/MIT)\n\nCopyright (c) 2011-2013 Jared Hanson <[http://jaredhanson.net/](http://jaredhanson.net/)>\n',
387 silly install resolved     readmeFilename: 'README.md',
387 silly install resolved     _id: 'passport-strategy@1.0.0',
387 silly install resolved     dist:
387 silly install resolved      { shasum: 'b5539aa8fc225a3d1ad179476ddf236b440f52e4',
387 silly install resolved        tarball: 'https://registry.npmjs.org/passport-strategy/-/passport-strategy-1.0.0.tgz' },
387 silly install resolved     _from: 'passport-strategy@>=1.0.0 <2.0.0',
387 silly install resolved     _npmVersion: '1.2.25',
387 silly install resolved     _npmUser: { name: 'jaredhanson', email: 'jaredhanson@gmail.com' },
387 silly install resolved     maintainers: [ [Object] ],
387 silly install resolved     directories: {},
387 silly install resolved     _shasum: 'b5539aa8fc225a3d1ad179476ddf236b440f52e4',
387 silly install resolved     _resolved: 'https://registry.npmjs.org/passport-strategy/-/passport-strategy-1.0.0.tgz',
387 silly install resolved     homepage: 'https://github.com/jaredhanson/passport-strategy#readme' },
387 silly install resolved   { name: 'uid2',
387 silly install resolved     description: 'strong uid',
387 silly install resolved     tags: [ 'uid' ],
387 silly install resolved     version: '0.0.3',
387 silly install resolved     dependencies: {},
387 silly install resolved     readme: 'ERROR: No README data found!',
387 silly install resolved     _id: 'uid2@0.0.3',
387 silly install resolved     dist:
387 silly install resolved      { shasum: '483126e11774df2f71b8b639dcd799c376162b82',
387 silly install resolved        tarball: 'https://registry.npmjs.org/uid2/-/uid2-0.0.3.tgz' },
387 silly install resolved     _from: 'uid2@>=0.0.0 <0.1.0',
387 silly install resolved     _npmVersion: '1.2.21',
387 silly install resolved     _npmUser: { name: 'coreh', email: 'thecoreh@gmail.com' },
387 silly install resolved     maintainers: [ [Object] ],
387 silly install resolved     directories: {},
387 silly install resolved     _shasum: '483126e11774df2f71b8b639dcd799c376162b82',
387 silly install resolved     _resolved: 'https://registry.npmjs.org/uid2/-/uid2-0.0.3.tgz' },
387 silly install resolved   { name: 'oauth',
387 silly install resolved     description: 'Library for interacting with OAuth 1.0, 1.0A, 2 and Echo.  Provides simplified client access and allows for construction of more complex apis and OAuth providers.',
387 silly install resolved     version: '0.9.14',
387 silly install resolved     directories: { lib: './lib' },
387 silly install resolved     main: 'index.js',
387 silly install resolved     author: { name: 'Ciaran Jessup', email: 'ciaranj@gmail.com' },
387 silly install resolved     repository:
387 silly install resolved      { type: 'git',
387 silly install resolved        url: 'git+ssh://git@github.com/ciaranj/node-oauth.git' },
387 silly install resolved     devDependencies: { vows: '0.5.x' },
387 silly install resolved     scripts: { test: 'make test' },
387 silly install resolved     licenses: [ [Object] ],
387 silly install resolved     gitHead: 'eefd821ea9b010a44ba49afa048a421ea23e7502',
387 silly install resolved     bugs: { url: 'https://github.com/ciaranj/node-oauth/issues' },
387 silly install resolved     homepage: 'https://github.com/ciaranj/node-oauth',
387 silly install resolved     _id: 'oauth@0.9.14',
387 silly install resolved     _shasum: 'c5748883a40b53de30ade9cabf2100414b8a0971',
387 silly install resolved     _from: 'oauth@>=0.9.0 <0.10.0',
387 silly install resolved     _npmVersion: '1.4.28',
387 silly install resolved     _npmUser: { name: 'ciaranj', email: 'ciaranj@gmail.com' },
387 silly install resolved     maintainers: [ [Object] ],
387 silly install resolved     dist:
387 silly install resolved      { shasum: 'c5748883a40b53de30ade9cabf2100414b8a0971',
387 silly install resolved        tarball: 'https://registry.npmjs.org/oauth/-/oauth-0.9.14.tgz' },
387 silly install resolved     _resolved: 'https://registry.npmjs.org/oauth/-/oauth-0.9.14.tgz',
387 silly install resolved     readme: 'ERROR: No README data found!' } ]
388 info install passport-strategy@1.0.0 into /Users/msmith93/Desktop/GitAchieve/node_modules/passport-github/node_modules/passport-oauth2
389 info install uid2@0.0.3 into /Users/msmith93/Desktop/GitAchieve/node_modules/passport-github/node_modules/passport-oauth2
390 info install oauth@0.9.14 into /Users/msmith93/Desktop/GitAchieve/node_modules/passport-github/node_modules/passport-oauth2
391 info installOne passport-strategy@1.0.0
392 verbose installOne of passport-strategy to /Users/msmith93/Desktop/GitAchieve/node_modules/passport-github/node_modules/passport-oauth2 not in flight; installing
393 info installOne uid2@0.0.3
394 verbose installOne of uid2 to /Users/msmith93/Desktop/GitAchieve/node_modules/passport-github/node_modules/passport-oauth2 not in flight; installing
395 info installOne oauth@0.9.14
396 verbose installOne of oauth to /Users/msmith93/Desktop/GitAchieve/node_modules/passport-github/node_modules/passport-oauth2 not in flight; installing
397 verbose lock using /Users/msmith93/.npm/_locks/passport-strategy-d8581563f3e073b8.lock for /Users/msmith93/Desktop/GitAchieve/node_modules/passport-github/node_modules/passport-oauth2/node_modules/passport-strategy
398 silly install write writing passport-strategy 1.0.0 to /Users/msmith93/Desktop/GitAchieve/node_modules/passport-github/node_modules/passport-oauth2/node_modules/passport-strategy
399 verbose lock using /Users/msmith93/.npm/_locks/uid2-e1d8252d1fc6d9bf.lock for /Users/msmith93/Desktop/GitAchieve/node_modules/passport-github/node_modules/passport-oauth2/node_modules/uid2
400 verbose lock using /Users/msmith93/.npm/_locks/oauth-8dbefcdce1002302.lock for /Users/msmith93/Desktop/GitAchieve/node_modules/passport-github/node_modules/passport-oauth2/node_modules/oauth
401 silly install write writing uid2 0.0.3 to /Users/msmith93/Desktop/GitAchieve/node_modules/passport-github/node_modules/passport-oauth2/node_modules/uid2
402 silly install write writing oauth 0.9.14 to /Users/msmith93/Desktop/GitAchieve/node_modules/passport-github/node_modules/passport-oauth2/node_modules/oauth
403 verbose unbuild node_modules/passport-github/node_modules/passport-oauth2/node_modules/passport-strategy
404 verbose unbuild node_modules/passport-github/node_modules/passport-oauth2/node_modules/uid2
405 silly gentlyRm /Users/msmith93/Desktop/GitAchieve/node_modules/passport-github/node_modules/passport-oauth2/node_modules/passport-strategy is being purged from base /Users/msmith93/Desktop/GitAchieve
406 verbose gentlyRm don't care about contents; nuking /Users/msmith93/Desktop/GitAchieve/node_modules/passport-github/node_modules/passport-oauth2/node_modules/passport-strategy
407 verbose unbuild node_modules/passport-github/node_modules/passport-oauth2/node_modules/oauth
408 verbose tar unpack /Users/msmith93/.npm/passport-strategy/1.0.0/package.tgz
409 verbose tar unpacking to /Users/msmith93/Desktop/GitAchieve/node_modules/passport-github/node_modules/passport-oauth2/node_modules/passport-strategy
410 silly gentlyRm /Users/msmith93/Desktop/GitAchieve/node_modules/passport-github/node_modules/passport-oauth2/node_modules/passport-strategy is being purged
411 verbose gentlyRm don't care about contents; nuking /Users/msmith93/Desktop/GitAchieve/node_modules/passport-github/node_modules/passport-oauth2/node_modules/passport-strategy
412 silly gentlyRm /Users/msmith93/Desktop/GitAchieve/node_modules/passport-github/node_modules/passport-oauth2/node_modules/uid2 is being purged from base /Users/msmith93/Desktop/GitAchieve
413 verbose gentlyRm don't care about contents; nuking /Users/msmith93/Desktop/GitAchieve/node_modules/passport-github/node_modules/passport-oauth2/node_modules/uid2
414 silly gunzTarPerm modes [ '755', '644' ]
415 silly gentlyRm /Users/msmith93/Desktop/GitAchieve/node_modules/passport-github/node_modules/passport-oauth2/node_modules/oauth is being purged from base /Users/msmith93/Desktop/GitAchieve
416 verbose gentlyRm don't care about contents; nuking /Users/msmith93/Desktop/GitAchieve/node_modules/passport-github/node_modules/passport-oauth2/node_modules/oauth
417 verbose tar unpack /Users/msmith93/.npm/uid2/0.0.3/package.tgz
418 verbose tar unpacking to /Users/msmith93/Desktop/GitAchieve/node_modules/passport-github/node_modules/passport-oauth2/node_modules/uid2
419 silly gentlyRm /Users/msmith93/Desktop/GitAchieve/node_modules/passport-github/node_modules/passport-oauth2/node_modules/uid2 is being purged
420 verbose gentlyRm don't care about contents; nuking /Users/msmith93/Desktop/GitAchieve/node_modules/passport-github/node_modules/passport-oauth2/node_modules/uid2
421 verbose tar unpack /Users/msmith93/.npm/oauth/0.9.14/package.tgz
422 verbose tar unpacking to /Users/msmith93/Desktop/GitAchieve/node_modules/passport-github/node_modules/passport-oauth2/node_modules/oauth
423 silly gentlyRm /Users/msmith93/Desktop/GitAchieve/node_modules/passport-github/node_modules/passport-oauth2/node_modules/oauth is being purged
424 verbose gentlyRm don't care about contents; nuking /Users/msmith93/Desktop/GitAchieve/node_modules/passport-github/node_modules/passport-oauth2/node_modules/oauth
425 silly gunzTarPerm modes [ '755', '644' ]
426 silly gunzTarPerm modes [ '755', '644' ]
427 silly gunzTarPerm extractEntry package.json
428 silly gunzTarPerm extractEntry package.json
429 silly gunzTarPerm extractEntry package.json
430 silly gunzTarPerm extractEntry README.md
431 silly gunzTarPerm extractEntry LICENSE
432 silly gunzTarPerm extractEntry LICENSE
433 silly gunzTarPerm extractEntry index.js
434 silly gunzTarPerm extractEntry .npmignore
435 silly gunzTarPerm extractEntry LICENSE
436 silly gunzTarPerm extractEntry .jshintrc
437 silly gunzTarPerm extractEntry .travis.yml
438 silly gunzTarPerm extractEntry index.js
439 silly gunzTarPerm extractEntry examples/github-example.js
440 silly gunzTarPerm extractEntry lib/index.js
441 silly gunzTarPerm extractEntry lib/strategy.js
442 silly gunzTarPerm extractEntry examples/term.ie.oauth-HMAC-SHA1.js
443 silly gunzTarPerm extractEntry examples/express-gdata/server.js
444 verbose write writing to /Users/msmith93/Desktop/GitAchieve/node_modules/passport-github/node_modules/passport-oauth2/node_modules/uid2/package.json
445 silly gunzTarPerm extractEntry examples/express-gdata/views/google_calendars.ejs
446 info preinstall uid2@0.0.3
447 verbose readDependencies loading dependencies from /Users/msmith93/Desktop/GitAchieve/node_modules/passport-github/node_modules/passport-oauth2/node_modules/uid2/package.json
448 silly gunzTarPerm extractEntry examples/express-gdata/views/google_contacts.ejs
449 silly gunzTarPerm extractEntry examples/express-gdata/views/layout.ejs
450 verbose readDependencies loading dependencies from /Users/msmith93/Desktop/GitAchieve/node_modules/passport-github/node_modules/passport-oauth2/node_modules/uid2/package.json
451 silly install resolved []
452 verbose about to build /Users/msmith93/Desktop/GitAchieve/node_modules/passport-github/node_modules/passport-oauth2/node_modules/uid2
453 info build /Users/msmith93/Desktop/GitAchieve/node_modules/passport-github/node_modules/passport-oauth2/node_modules/uid2
454 silly gunzTarPerm extractEntry Readme.md
455 silly gunzTarPerm extractEntry lib/_utils.js
456 info linkStuff uid2@0.0.3
457 silly linkStuff uid2@0.0.3 has /Users/msmith93/Desktop/GitAchieve/node_modules/passport-github/node_modules/passport-oauth2/node_modules as its parent node_modules
458 silly gunzTarPerm extractEntry lib/oauth.js
459 silly gunzTarPerm extractEntry lib/oauth2.js
460 verbose linkBins uid2@0.0.3
461 verbose linkMans uid2@0.0.3
462 verbose rebuildBundles uid2@0.0.3
463 info install uid2@0.0.3
464 info postinstall uid2@0.0.3
465 verbose write writing to /Users/msmith93/Desktop/GitAchieve/node_modules/passport-github/node_modules/passport-oauth2/node_modules/passport-strategy/package.json
466 verbose unlock done using /Users/msmith93/.npm/_locks/uid2-e1d8252d1fc6d9bf.lock for /Users/msmith93/Desktop/GitAchieve/node_modules/passport-github/node_modules/passport-oauth2/node_modules/uid2
467 silly gunzTarPerm extractEntry lib/sha1.js
468 silly gunzTarPerm extractEntry Makefile
469 info preinstall passport-strategy@1.0.0
470 verbose readDependencies loading dependencies from /Users/msmith93/Desktop/GitAchieve/node_modules/passport-github/node_modules/passport-oauth2/node_modules/passport-strategy/package.json
471 verbose readDependencies loading dependencies from /Users/msmith93/Desktop/GitAchieve/node_modules/passport-github/node_modules/passport-oauth2/node_modules/passport-strategy/package.json
472 silly gunzTarPerm extractEntry tests/oauth2tests.js
473 silly gunzTarPerm extractEntry tests/oauthtests.js
474 silly install resolved []
475 verbose about to build /Users/msmith93/Desktop/GitAchieve/node_modules/passport-github/node_modules/passport-oauth2/node_modules/passport-strategy
476 info build /Users/msmith93/Desktop/GitAchieve/node_modules/passport-github/node_modules/passport-oauth2/node_modules/passport-strategy
477 info linkStuff passport-strategy@1.0.0
478 silly linkStuff passport-strategy@1.0.0 has /Users/msmith93/Desktop/GitAchieve/node_modules/passport-github/node_modules/passport-oauth2/node_modules as its parent node_modules
479 silly gunzTarPerm extractEntry tests/sha1tests.js
480 silly gunzTarPerm extractEntry tests/shared.js
481 verbose linkBins passport-strategy@1.0.0
482 verbose linkMans passport-strategy@1.0.0
483 verbose rebuildBundles passport-strategy@1.0.0
484 info install passport-strategy@1.0.0
485 info postinstall passport-strategy@1.0.0
486 verbose unlock done using /Users/msmith93/.npm/_locks/passport-strategy-d8581563f3e073b8.lock for /Users/msmith93/Desktop/GitAchieve/node_modules/passport-github/node_modules/passport-oauth2/node_modules/passport-strategy
487 verbose write writing to /Users/msmith93/Desktop/GitAchieve/node_modules/passport-github/node_modules/passport-oauth2/node_modules/oauth/package.json
488 info preinstall oauth@0.9.14
489 verbose readDependencies loading dependencies from /Users/msmith93/Desktop/GitAchieve/node_modules/passport-github/node_modules/passport-oauth2/node_modules/oauth/package.json
490 verbose readDependencies loading dependencies from /Users/msmith93/Desktop/GitAchieve/node_modules/passport-github/node_modules/passport-oauth2/node_modules/oauth/package.json
491 silly install resolved []
492 verbose about to build /Users/msmith93/Desktop/GitAchieve/node_modules/passport-github/node_modules/passport-oauth2/node_modules/oauth
493 info build /Users/msmith93/Desktop/GitAchieve/node_modules/passport-github/node_modules/passport-oauth2/node_modules/oauth
494 info linkStuff oauth@0.9.14
495 silly linkStuff oauth@0.9.14 has /Users/msmith93/Desktop/GitAchieve/node_modules/passport-github/node_modules/passport-oauth2/node_modules as its parent node_modules
496 verbose linkBins oauth@0.9.14
497 verbose linkMans oauth@0.9.14
498 verbose rebuildBundles oauth@0.9.14
499 info install oauth@0.9.14
500 info postinstall oauth@0.9.14
501 verbose unlock done using /Users/msmith93/.npm/_locks/oauth-8dbefcdce1002302.lock for /Users/msmith93/Desktop/GitAchieve/node_modules/passport-github/node_modules/passport-oauth2/node_modules/oauth
502 verbose about to build /Users/msmith93/Desktop/GitAchieve/node_modules/passport-github/node_modules/passport-oauth2
503 info build /Users/msmith93/Desktop/GitAchieve/node_modules/passport-github/node_modules/passport-oauth2
504 info linkStuff passport-oauth2@1.3.0
505 silly linkStuff passport-oauth2@1.3.0 has /Users/msmith93/Desktop/GitAchieve/node_modules/passport-github/node_modules as its parent node_modules
506 verbose linkBins passport-oauth2@1.3.0
507 verbose linkMans passport-oauth2@1.3.0
508 verbose rebuildBundles passport-oauth2@1.3.0
509 verbose rebuildBundles [ 'oauth', 'passport-strategy', 'uid2' ]
510 info install passport-oauth2@1.3.0
511 info postinstall passport-oauth2@1.3.0
512 verbose unlock done using /Users/msmith93/.npm/_locks/passport-oauth2-2677fe6b7ddecb1b.lock for /Users/msmith93/Desktop/GitAchieve/node_modules/passport-github/node_modules/passport-oauth2
513 verbose about to build /Users/msmith93/Desktop/GitAchieve/node_modules/passport-github
514 info build /Users/msmith93/Desktop/GitAchieve/node_modules/passport-github
515 info linkStuff passport-github@1.1.0
516 silly linkStuff passport-github@1.1.0 has /Users/msmith93/Desktop/GitAchieve/node_modules as its parent node_modules
517 verbose linkBins passport-github@1.1.0
518 verbose linkMans passport-github@1.1.0
519 verbose rebuildBundles passport-github@1.1.0
520 verbose rebuildBundles [ 'passport-oauth2' ]
521 info install passport-github@1.1.0
522 info postinstall passport-github@1.1.0
523 verbose unlock done using /Users/msmith93/.npm/_locks/passport-github-4637c6c45cea979b.lock for /Users/msmith93/Desktop/GitAchieve/node_modules/passport-github
524 info build /Users/msmith93/Desktop/GitAchieve
525 info linkStuff gitachieve@1.0.0
526 silly linkStuff gitachieve@1.0.0 has /Users/msmith93/Desktop as its parent node_modules
527 verbose linkBins gitachieve@1.0.0
528 verbose linkMans gitachieve@1.0.0
529 verbose rebuildBundles gitachieve@1.0.0
530 verbose rebuildBundles [ '.bin',
530 verbose rebuildBundles   'babel-cli',
530 verbose rebuildBundles   'babel-core',
530 verbose rebuildBundles   'babel-loader',
530 verbose rebuildBundles   'babel-plugin-syntax-jsx',
530 verbose rebuildBundles   'babel-polyfill',
530 verbose rebuildBundles   'babel-preset-es2015',
530 verbose rebuildBundles   'babel-preset-react',
530 verbose rebuildBundles   'babel-preset-stage-0',
530 verbose rebuildBundles   'body-parser',
530 verbose rebuildBundles   'chai',
530 verbose rebuildBundles   'cookie-parser',
530 verbose rebuildBundles   'enzyme',
530 verbose rebuildBundles   'eslint',
530 verbose rebuildBundles   'eslint-config-airbnb',
530 verbose rebuildBundles   'eslint-plugin-import',
530 verbose rebuildBundles   'eslint-plugin-jsx-a11y',
530 verbose rebuildBundles   'eslint-plugin-react',
530 verbose rebuildBundles   'express',
530 verbose rebuildBundles   'github-api',
530 verbose rebuildBundles   'gulp',
530 verbose rebuildBundles   'gulp-babel',
530 verbose rebuildBundles   'gulp-concat',
530 verbose rebuildBundles   'gulp-jshint',
530 verbose rebuildBundles   'gulp-mocha',
530 verbose rebuildBundles   'gulp-mocha-phantomjs',
530 verbose rebuildBundles   'gulp-rename',
530 verbose rebuildBundles   'gulp-sass',
530 verbose rebuildBundles   'gulp-shell',
530 verbose rebuildBundles   'gulp-uglify',
530 verbose rebuildBundles   'gulp-util',
530 verbose rebuildBundles   'immutable',
530 verbose rebuildBundles   'jsdom',
530 verbose rebuildBundles   'jshint',
530 verbose rebuildBundles   'logger',
530 verbose rebuildBundles   'massive',
530 verbose rebuildBundles   'mocha',
530 verbose rebuildBundles   'morgan',
530 verbose rebuildBundles   'passport',
530 verbose rebuildBundles   'passport-github',
530 verbose rebuildBundles   'passport-github2',
530 verbose rebuildBundles   'pg',
530 verbose rebuildBundles   'react',
530 verbose rebuildBundles   'react-addons-test-utils',
530 verbose rebuildBundles   'react-dom',
530 verbose rebuildBundles   'react-redux',
530 verbose rebuildBundles   'react-router',
530 verbose rebuildBundles   'react-router-redux',
530 verbose rebuildBundles   'redux',
530 verbose rebuildBundles   'redux-actions',
530 verbose rebuildBundles   'redux-logger',
530 verbose rebuildBundles   'webpack',
530 verbose rebuildBundles   'webpack-dev-middleware',
530 verbose rebuildBundles   'webpack-hot-middleware',
530 verbose rebuildBundles   'webpack-stream' ]
531 verbose rebuild bundle /Users/msmith93/Desktop/GitAchieve/node_modules/cookie-parser
532 info build /Users/msmith93/Desktop/GitAchieve/node_modules/cookie-parser
533 info preinstall cookie-parser@1.4.1
534 info linkStuff cookie-parser@1.4.1
535 silly linkStuff cookie-parser@1.4.1 has /Users/msmith93/Desktop/GitAchieve/node_modules as its parent node_modules
536 verbose linkBins cookie-parser@1.4.1
537 verbose linkMans cookie-parser@1.4.1
538 verbose rebuildBundles cookie-parser@1.4.1
539 verbose rebuildBundles [ 'cookie', 'cookie-signature' ]
540 info install cookie-parser@1.4.1
541 info postinstall cookie-parser@1.4.1
542 verbose rebuild bundle /Users/msmith93/Desktop/GitAchieve/node_modules/github-api
543 info build /Users/msmith93/Desktop/GitAchieve/node_modules/github-api
544 info preinstall github-api@1.0.0
545 info linkStuff github-api@1.0.0
546 silly linkStuff github-api@1.0.0 has /Users/msmith93/Desktop/GitAchieve/node_modules as its parent node_modules
547 verbose linkBins github-api@1.0.0
548 verbose linkMans github-api@1.0.0
549 verbose rebuildBundles github-api@1.0.0
550 verbose rebuildBundles [ 'axios', 'debug', 'es6-promise', 'js-base64', 'utf8' ]
551 info install github-api@1.0.0
552 info postinstall github-api@1.0.0
553 verbose rebuild bundle /Users/msmith93/Desktop/GitAchieve/node_modules/passport-github2
554 info build /Users/msmith93/Desktop/GitAchieve/node_modules/passport-github2
555 info preinstall passport-github2@0.1.10
556 info linkStuff passport-github2@0.1.10
557 silly linkStuff passport-github2@0.1.10 has /Users/msmith93/Desktop/GitAchieve/node_modules as its parent node_modules
558 verbose linkBins passport-github2@0.1.10
559 verbose linkMans passport-github2@0.1.10
560 verbose rebuildBundles passport-github2@0.1.10
561 verbose rebuildBundles [ 'passport-oauth2' ]
562 info install passport-github2@0.1.10
563 info postinstall passport-github2@0.1.10
564 info install gitachieve@1.0.0
565 info postinstall gitachieve@1.0.0
566 info prepublish gitachieve@1.0.0
567 verbose validateInstall loading /Users/msmith93/Desktop/GitAchieve/package.json for validation
568 verbose stack Error: The package react@15.0.1 does not satisfy its siblings' peerDependencies requirements!
568 verbose stack     at /usr/local/lib/node_modules/npm/lib/install.js:125:32
568 verbose stack     at /usr/local/lib/node_modules/npm/lib/install.js:268:7
568 verbose stack     at /usr/local/lib/node_modules/npm/node_modules/read-installed/read-installed.js:142:5
568 verbose stack     at /usr/local/lib/node_modules/npm/node_modules/read-installed/read-installed.js:263:14
568 verbose stack     at cb (/usr/local/lib/node_modules/npm/node_modules/slide/lib/async-map.js:47:24)
568 verbose stack     at /usr/local/lib/node_modules/npm/node_modules/read-installed/read-installed.js:263:14
568 verbose stack     at cb (/usr/local/lib/node_modules/npm/node_modules/slide/lib/async-map.js:47:24)
568 verbose stack     at /usr/local/lib/node_modules/npm/node_modules/read-installed/read-installed.js:263:14
568 verbose stack     at cb (/usr/local/lib/node_modules/npm/node_modules/slide/lib/async-map.js:47:24)
568 verbose stack     at /usr/local/lib/node_modules/npm/node_modules/read-installed/read-installed.js:263:14
569 verbose cwd /Users/msmith93/Desktop/GitAchieve
570 error Darwin 15.3.0
571 error argv "/usr/local/bin/node" "/usr/local/bin/npm" "install"
572 error node v4.2.2
573 error npm  v2.14.7
574 error code EPEERINVALID
575 error peerinvalid The package react@15.0.1 does not satisfy its siblings' peerDependencies requirements!
575 error peerinvalid Peer react-dom@15.0.1 wants react@^15.0.1
575 error peerinvalid Peer react-redux@4.4.5 wants react@^0.14.0 || ^15.0.0-0
575 error peerinvalid Peer react-addons-test-utils@15.0.2 wants react@^15.0.2
575 error peerinvalid Peer enzyme@2.2.0 wants react@0.13.x || 0.14.x || 15.* || ^15.0.0-rc
576 verbose exit [ 1, true ]
